<?xml version="1.0" encoding="UTF-8" ?>
<testsuite failures="0" time="0.339" errors="0" skipped="0" tests="8" name="at.ac.tuwien.photohawk.evaluation.operation.MSEMetricTest">
  <properties>
[...]
</properties>
  <testcase time="0.178" classname="at.ac.tuwien.photohawk.evaluation.operation.MSEMetricTest" name="executeTest_notEqual_zeroPattern_onePattern"/>
  <testcase time="0.018" classname="at.ac.tuwien.photohawk.evaluation.operation.MSEMetricTest" name="executeTest_notEqual_zeroPattern_twoPattern"/>
  <testcase time="0.011" classname="at.ac.tuwien.photohawk.evaluation.operation.MSEMetricTest" name="executeTest_equal_zeroPattern"/>
  <testcase time="0.015" classname="at.ac.tuwien.photohawk.evaluation.operation.MSEMetricTest" name="executeTest_notEqual_zeroPattern_top2OnePattern"/>
  <testcase time="0.01" classname="at.ac.tuwien.photohawk.evaluation.operation.MSEMetricTest" name="executeTest_equal_onePattern"/>
  <testcase time="0.012" classname="at.ac.tuwien.photohawk.evaluation.operation.MSEMetricTest" name="executeTest_notEqual_fourPattern_fivePattern"/>
  <testcase time="0.01" classname="at.ac.tuwien.photohawk.evaluation.operation.MSEMetricTest" name="executeTest_notEqual_zeroPattern_diagonalOnePattern"/>
  <testcase time="0.01" classname="at.ac.tuwien.photohawk.evaluation.operation.MSEMetricTest" name="executeTest_notEqual_diagonalOnePattern1_diagonalOnePattern2"/>
</testsuite>